
WARNING: apt does not have a stable CLI interface. Use with caution in scripts.

Hit:1 https://download.docker.com/linux/ubuntu jammy InRelease
Hit:2 http://archive.ubuntu.com/ubuntu jammy InRelease
Hit:3 http://security.ubuntu.com/ubuntu jammy-security InRelease
Hit:4 http://archive.ubuntu.com/ubuntu jammy-updates InRelease
Hit:5 http://archive.ubuntu.com/ubuntu jammy-backports InRelease
Hit:6 https://deb.nodesource.com/node_18.x nodistro InRelease
Reading package lists...
Building dependency tree...
Reading state information...
10 packages can be upgraded. Run 'apt list --upgradable' to see them.

WARNING: apt does not have a stable CLI interface. Use with caution in scripts.

Reading package lists...
Building dependency tree...
Reading state information...
-------------------------------------
Executing step: Step 1
EXECUTE=model/step1.py
-------------------------------------
Step 1 Started At:  1742927960.1755672
Successfully executed model/step1.py
Success:  True
✅ Step completed successfully

-------------------------------------
Executing step: Step 2
EXECUTE=model/step2.sql
DATABASE=test
-------------------------------------
Connected to existing database: duckdb/test.duckdb
Result:  [(1,)]
✅ Step completed successfully

All steps completed!
